[2020-07-18 22:22:23,929] {scheduler_job.py:154} INFO - Started process (PID=96751) to work on /Users/AmandaTran/airflow/dags/hello_world.py
[2020-07-18 22:22:23,946] {scheduler_job.py:1562} INFO - Processing file /Users/AmandaTran/airflow/dags/hello_world.py for tasks to queue
[2020-07-18 22:22:23,948] {logging_mixin.py:112} INFO - [2020-07-18 22:22:23,947] {dagbag.py:396} INFO - Filling up the DagBag from /Users/AmandaTran/airflow/dags/hello_world.py
[2020-07-18 22:22:23,972] {logging_mixin.py:112} WARNING - /Library/Frameworks/Python.framework/Versions/3.6/lib/python3.6/site-packages/airflow/utils/helpers.py:442: DeprecationWarning: Importing 'BashOperator' directly from 'airflow.operators' has been deprecated. Please import from 'airflow.operators.[operator_module]' instead. Support for direct imports will be dropped entirely in Airflow 2.0.
  DeprecationWarning)
[2020-07-18 22:22:23,976] {scheduler_job.py:1574} INFO - DAG(s) dict_keys(['HelloWorld']) retrieved from /Users/AmandaTran/airflow/dags/hello_world.py
[2020-07-18 22:22:24,039] {scheduler_job.py:162} INFO - Processing /Users/AmandaTran/airflow/dags/hello_world.py took 0.110 seconds
[2020-07-18 22:23:57,563] {scheduler_job.py:154} INFO - Started process (PID=96889) to work on /Users/AmandaTran/airflow/dags/hello_world.py
[2020-07-18 22:23:57,584] {scheduler_job.py:1562} INFO - Processing file /Users/AmandaTran/airflow/dags/hello_world.py for tasks to queue
[2020-07-18 22:23:57,585] {logging_mixin.py:112} INFO - [2020-07-18 22:23:57,585] {dagbag.py:396} INFO - Filling up the DagBag from /Users/AmandaTran/airflow/dags/hello_world.py
[2020-07-18 22:23:57,609] {logging_mixin.py:112} WARNING - /Library/Frameworks/Python.framework/Versions/3.6/lib/python3.6/site-packages/airflow/utils/helpers.py:442: DeprecationWarning: Importing 'BashOperator' directly from 'airflow.operators' has been deprecated. Please import from 'airflow.operators.[operator_module]' instead. Support for direct imports will be dropped entirely in Airflow 2.0.
  DeprecationWarning)
[2020-07-18 22:23:57,616] {scheduler_job.py:1574} INFO - DAG(s) dict_keys(['HelloWorld']) retrieved from /Users/AmandaTran/airflow/dags/hello_world.py
[2020-07-18 22:23:57,647] {scheduler_job.py:162} INFO - Processing /Users/AmandaTran/airflow/dags/hello_world.py took 0.084 seconds
[2020-07-18 22:25:30,393] {scheduler_job.py:154} INFO - Started process (PID=96962) to work on /Users/AmandaTran/airflow/dags/hello_world.py
[2020-07-18 22:25:30,404] {scheduler_job.py:1562} INFO - Processing file /Users/AmandaTran/airflow/dags/hello_world.py for tasks to queue
[2020-07-18 22:25:30,405] {logging_mixin.py:112} INFO - [2020-07-18 22:25:30,405] {dagbag.py:396} INFO - Filling up the DagBag from /Users/AmandaTran/airflow/dags/hello_world.py
[2020-07-18 22:25:30,429] {logging_mixin.py:112} WARNING - /Library/Frameworks/Python.framework/Versions/3.6/lib/python3.6/site-packages/airflow/utils/helpers.py:442: DeprecationWarning: Importing 'BashOperator' directly from 'airflow.operators' has been deprecated. Please import from 'airflow.operators.[operator_module]' instead. Support for direct imports will be dropped entirely in Airflow 2.0.
  DeprecationWarning)
[2020-07-18 22:25:30,438] {scheduler_job.py:1574} INFO - DAG(s) dict_keys(['HelloWorld']) retrieved from /Users/AmandaTran/airflow/dags/hello_world.py
[2020-07-18 22:25:30,474] {scheduler_job.py:162} INFO - Processing /Users/AmandaTran/airflow/dags/hello_world.py took 0.081 seconds
[2020-07-18 22:27:01,854] {scheduler_job.py:154} INFO - Started process (PID=97022) to work on /Users/AmandaTran/airflow/dags/hello_world.py
[2020-07-18 22:27:01,874] {scheduler_job.py:1562} INFO - Processing file /Users/AmandaTran/airflow/dags/hello_world.py for tasks to queue
[2020-07-18 22:27:01,876] {logging_mixin.py:112} INFO - [2020-07-18 22:27:01,875] {dagbag.py:396} INFO - Filling up the DagBag from /Users/AmandaTran/airflow/dags/hello_world.py
[2020-07-18 22:27:01,890] {logging_mixin.py:112} WARNING - /Library/Frameworks/Python.framework/Versions/3.6/lib/python3.6/site-packages/airflow/utils/helpers.py:442: DeprecationWarning: Importing 'BashOperator' directly from 'airflow.operators' has been deprecated. Please import from 'airflow.operators.[operator_module]' instead. Support for direct imports will be dropped entirely in Airflow 2.0.
  DeprecationWarning)
[2020-07-18 22:27:01,894] {scheduler_job.py:1574} INFO - DAG(s) dict_keys(['HelloWorld']) retrieved from /Users/AmandaTran/airflow/dags/hello_world.py
[2020-07-18 22:27:01,923] {scheduler_job.py:162} INFO - Processing /Users/AmandaTran/airflow/dags/hello_world.py took 0.069 seconds
[2020-07-18 22:28:35,194] {scheduler_job.py:154} INFO - Started process (PID=97120) to work on /Users/AmandaTran/airflow/dags/hello_world.py
[2020-07-18 22:28:35,208] {scheduler_job.py:1562} INFO - Processing file /Users/AmandaTran/airflow/dags/hello_world.py for tasks to queue
[2020-07-18 22:28:35,210] {logging_mixin.py:112} INFO - [2020-07-18 22:28:35,209] {dagbag.py:396} INFO - Filling up the DagBag from /Users/AmandaTran/airflow/dags/hello_world.py
[2020-07-18 22:28:35,223] {logging_mixin.py:112} WARNING - /Library/Frameworks/Python.framework/Versions/3.6/lib/python3.6/site-packages/airflow/utils/helpers.py:442: DeprecationWarning: Importing 'BashOperator' directly from 'airflow.operators' has been deprecated. Please import from 'airflow.operators.[operator_module]' instead. Support for direct imports will be dropped entirely in Airflow 2.0.
  DeprecationWarning)
[2020-07-18 22:28:35,228] {scheduler_job.py:1574} INFO - DAG(s) dict_keys(['HelloWorld']) retrieved from /Users/AmandaTran/airflow/dags/hello_world.py
[2020-07-18 22:28:35,265] {scheduler_job.py:162} INFO - Processing /Users/AmandaTran/airflow/dags/hello_world.py took 0.071 seconds
[2020-07-18 22:29:33,317] {scheduler_job.py:154} INFO - Started process (PID=97179) to work on /Users/AmandaTran/airflow/dags/hello_world.py
[2020-07-18 22:29:33,333] {scheduler_job.py:1562} INFO - Processing file /Users/AmandaTran/airflow/dags/hello_world.py for tasks to queue
[2020-07-18 22:29:33,335] {logging_mixin.py:112} INFO - [2020-07-18 22:29:33,334] {dagbag.py:396} INFO - Filling up the DagBag from /Users/AmandaTran/airflow/dags/hello_world.py
[2020-07-18 22:29:33,361] {logging_mixin.py:112} WARNING - /Library/Frameworks/Python.framework/Versions/3.6/lib/python3.6/site-packages/airflow/utils/helpers.py:442: DeprecationWarning: Importing 'BashOperator' directly from 'airflow.operators' has been deprecated. Please import from 'airflow.operators.[operator_module]' instead. Support for direct imports will be dropped entirely in Airflow 2.0.
  DeprecationWarning)
[2020-07-18 22:29:33,368] {scheduler_job.py:1574} INFO - DAG(s) dict_keys(['HelloWorld']) retrieved from /Users/AmandaTran/airflow/dags/hello_world.py
[2020-07-18 22:29:33,402] {scheduler_job.py:162} INFO - Processing /Users/AmandaTran/airflow/dags/hello_world.py took 0.084 seconds
[2020-07-18 22:30:31,466] {scheduler_job.py:154} INFO - Started process (PID=97216) to work on /Users/AmandaTran/airflow/dags/hello_world.py
[2020-07-18 22:30:31,486] {scheduler_job.py:1562} INFO - Processing file /Users/AmandaTran/airflow/dags/hello_world.py for tasks to queue
[2020-07-18 22:30:31,488] {logging_mixin.py:112} INFO - [2020-07-18 22:30:31,488] {dagbag.py:396} INFO - Filling up the DagBag from /Users/AmandaTran/airflow/dags/hello_world.py
[2020-07-18 22:30:31,506] {logging_mixin.py:112} WARNING - /Library/Frameworks/Python.framework/Versions/3.6/lib/python3.6/site-packages/airflow/utils/helpers.py:442: DeprecationWarning: Importing 'BashOperator' directly from 'airflow.operators' has been deprecated. Please import from 'airflow.operators.[operator_module]' instead. Support for direct imports will be dropped entirely in Airflow 2.0.
  DeprecationWarning)
[2020-07-18 22:30:31,512] {scheduler_job.py:1574} INFO - DAG(s) dict_keys(['HelloWorld']) retrieved from /Users/AmandaTran/airflow/dags/hello_world.py
[2020-07-18 22:30:31,537] {scheduler_job.py:162} INFO - Processing /Users/AmandaTran/airflow/dags/hello_world.py took 0.071 seconds
[2020-07-18 22:31:29,668] {scheduler_job.py:154} INFO - Started process (PID=97259) to work on /Users/AmandaTran/airflow/dags/hello_world.py
[2020-07-18 22:31:29,682] {scheduler_job.py:1562} INFO - Processing file /Users/AmandaTran/airflow/dags/hello_world.py for tasks to queue
[2020-07-18 22:31:29,683] {logging_mixin.py:112} INFO - [2020-07-18 22:31:29,683] {dagbag.py:396} INFO - Filling up the DagBag from /Users/AmandaTran/airflow/dags/hello_world.py
[2020-07-18 22:31:29,696] {logging_mixin.py:112} WARNING - /Library/Frameworks/Python.framework/Versions/3.6/lib/python3.6/site-packages/airflow/utils/helpers.py:442: DeprecationWarning: Importing 'BashOperator' directly from 'airflow.operators' has been deprecated. Please import from 'airflow.operators.[operator_module]' instead. Support for direct imports will be dropped entirely in Airflow 2.0.
  DeprecationWarning)
[2020-07-18 22:31:29,700] {scheduler_job.py:1574} INFO - DAG(s) dict_keys(['HelloWorld']) retrieved from /Users/AmandaTran/airflow/dags/hello_world.py
[2020-07-18 22:31:29,730] {scheduler_job.py:162} INFO - Processing /Users/AmandaTran/airflow/dags/hello_world.py took 0.061 seconds
[2020-07-18 22:32:27,915] {scheduler_job.py:154} INFO - Started process (PID=97295) to work on /Users/AmandaTran/airflow/dags/hello_world.py
[2020-07-18 22:32:27,930] {scheduler_job.py:1562} INFO - Processing file /Users/AmandaTran/airflow/dags/hello_world.py for tasks to queue
[2020-07-18 22:32:27,931] {logging_mixin.py:112} INFO - [2020-07-18 22:32:27,930] {dagbag.py:396} INFO - Filling up the DagBag from /Users/AmandaTran/airflow/dags/hello_world.py
[2020-07-18 22:32:27,940] {logging_mixin.py:112} WARNING - /Library/Frameworks/Python.framework/Versions/3.6/lib/python3.6/site-packages/airflow/utils/helpers.py:442: DeprecationWarning: Importing 'BashOperator' directly from 'airflow.operators' has been deprecated. Please import from 'airflow.operators.[operator_module]' instead. Support for direct imports will be dropped entirely in Airflow 2.0.
  DeprecationWarning)
[2020-07-18 22:32:27,944] {scheduler_job.py:1574} INFO - DAG(s) dict_keys(['HelloWorld']) retrieved from /Users/AmandaTran/airflow/dags/hello_world.py
[2020-07-18 22:32:27,969] {scheduler_job.py:162} INFO - Processing /Users/AmandaTran/airflow/dags/hello_world.py took 0.054 seconds
[2020-07-18 22:33:26,136] {scheduler_job.py:154} INFO - Started process (PID=97334) to work on /Users/AmandaTran/airflow/dags/hello_world.py
[2020-07-18 22:33:26,156] {scheduler_job.py:1562} INFO - Processing file /Users/AmandaTran/airflow/dags/hello_world.py for tasks to queue
[2020-07-18 22:33:26,159] {logging_mixin.py:112} INFO - [2020-07-18 22:33:26,158] {dagbag.py:396} INFO - Filling up the DagBag from /Users/AmandaTran/airflow/dags/hello_world.py
[2020-07-18 22:33:26,185] {logging_mixin.py:112} WARNING - /Library/Frameworks/Python.framework/Versions/3.6/lib/python3.6/site-packages/airflow/utils/helpers.py:442: DeprecationWarning: Importing 'BashOperator' directly from 'airflow.operators' has been deprecated. Please import from 'airflow.operators.[operator_module]' instead. Support for direct imports will be dropped entirely in Airflow 2.0.
  DeprecationWarning)
[2020-07-18 22:33:26,190] {scheduler_job.py:1574} INFO - DAG(s) dict_keys(['HelloWorld']) retrieved from /Users/AmandaTran/airflow/dags/hello_world.py
[2020-07-18 22:33:26,219] {scheduler_job.py:162} INFO - Processing /Users/AmandaTran/airflow/dags/hello_world.py took 0.082 seconds
[2020-07-18 22:34:24,346] {scheduler_job.py:154} INFO - Started process (PID=97375) to work on /Users/AmandaTran/airflow/dags/hello_world.py
[2020-07-18 22:34:24,359] {scheduler_job.py:1562} INFO - Processing file /Users/AmandaTran/airflow/dags/hello_world.py for tasks to queue
[2020-07-18 22:34:24,360] {logging_mixin.py:112} INFO - [2020-07-18 22:34:24,360] {dagbag.py:396} INFO - Filling up the DagBag from /Users/AmandaTran/airflow/dags/hello_world.py
[2020-07-18 22:34:24,381] {logging_mixin.py:112} WARNING - /Library/Frameworks/Python.framework/Versions/3.6/lib/python3.6/site-packages/airflow/utils/helpers.py:442: DeprecationWarning: Importing 'BashOperator' directly from 'airflow.operators' has been deprecated. Please import from 'airflow.operators.[operator_module]' instead. Support for direct imports will be dropped entirely in Airflow 2.0.
  DeprecationWarning)
[2020-07-18 22:34:24,386] {scheduler_job.py:1574} INFO - DAG(s) dict_keys(['HelloWorld']) retrieved from /Users/AmandaTran/airflow/dags/hello_world.py
[2020-07-18 22:34:24,420] {scheduler_job.py:162} INFO - Processing /Users/AmandaTran/airflow/dags/hello_world.py took 0.075 seconds
[2020-07-18 22:35:22,561] {scheduler_job.py:154} INFO - Started process (PID=97410) to work on /Users/AmandaTran/airflow/dags/hello_world.py
[2020-07-18 22:35:22,573] {scheduler_job.py:1562} INFO - Processing file /Users/AmandaTran/airflow/dags/hello_world.py for tasks to queue
[2020-07-18 22:35:22,574] {logging_mixin.py:112} INFO - [2020-07-18 22:35:22,574] {dagbag.py:396} INFO - Filling up the DagBag from /Users/AmandaTran/airflow/dags/hello_world.py
[2020-07-18 22:35:22,581] {logging_mixin.py:112} WARNING - /Library/Frameworks/Python.framework/Versions/3.6/lib/python3.6/site-packages/airflow/utils/helpers.py:442: DeprecationWarning: Importing 'BashOperator' directly from 'airflow.operators' has been deprecated. Please import from 'airflow.operators.[operator_module]' instead. Support for direct imports will be dropped entirely in Airflow 2.0.
  DeprecationWarning)
[2020-07-18 22:35:22,586] {scheduler_job.py:1574} INFO - DAG(s) dict_keys(['HelloWorld']) retrieved from /Users/AmandaTran/airflow/dags/hello_world.py
[2020-07-18 22:35:22,611] {scheduler_job.py:162} INFO - Processing /Users/AmandaTran/airflow/dags/hello_world.py took 0.050 seconds
[2020-07-18 22:36:20,774] {scheduler_job.py:154} INFO - Started process (PID=97469) to work on /Users/AmandaTran/airflow/dags/hello_world.py
[2020-07-18 22:36:20,788] {scheduler_job.py:1562} INFO - Processing file /Users/AmandaTran/airflow/dags/hello_world.py for tasks to queue
[2020-07-18 22:36:20,789] {logging_mixin.py:112} INFO - [2020-07-18 22:36:20,789] {dagbag.py:396} INFO - Filling up the DagBag from /Users/AmandaTran/airflow/dags/hello_world.py
[2020-07-18 22:36:20,810] {logging_mixin.py:112} WARNING - /Library/Frameworks/Python.framework/Versions/3.6/lib/python3.6/site-packages/airflow/utils/helpers.py:442: DeprecationWarning: Importing 'BashOperator' directly from 'airflow.operators' has been deprecated. Please import from 'airflow.operators.[operator_module]' instead. Support for direct imports will be dropped entirely in Airflow 2.0.
  DeprecationWarning)
[2020-07-18 22:36:20,815] {scheduler_job.py:1574} INFO - DAG(s) dict_keys(['HelloWorld']) retrieved from /Users/AmandaTran/airflow/dags/hello_world.py
[2020-07-18 22:36:20,843] {scheduler_job.py:162} INFO - Processing /Users/AmandaTran/airflow/dags/hello_world.py took 0.069 seconds
[2020-07-18 22:37:18,984] {scheduler_job.py:154} INFO - Started process (PID=97508) to work on /Users/AmandaTran/airflow/dags/hello_world.py
[2020-07-18 22:37:18,997] {scheduler_job.py:1562} INFO - Processing file /Users/AmandaTran/airflow/dags/hello_world.py for tasks to queue
[2020-07-18 22:37:18,998] {logging_mixin.py:112} INFO - [2020-07-18 22:37:18,998] {dagbag.py:396} INFO - Filling up the DagBag from /Users/AmandaTran/airflow/dags/hello_world.py
[2020-07-18 22:37:19,011] {logging_mixin.py:112} WARNING - /Library/Frameworks/Python.framework/Versions/3.6/lib/python3.6/site-packages/airflow/utils/helpers.py:442: DeprecationWarning: Importing 'BashOperator' directly from 'airflow.operators' has been deprecated. Please import from 'airflow.operators.[operator_module]' instead. Support for direct imports will be dropped entirely in Airflow 2.0.
  DeprecationWarning)
[2020-07-18 22:37:19,017] {scheduler_job.py:1574} INFO - DAG(s) dict_keys(['HelloWorld']) retrieved from /Users/AmandaTran/airflow/dags/hello_world.py
[2020-07-18 22:37:19,049] {scheduler_job.py:162} INFO - Processing /Users/AmandaTran/airflow/dags/hello_world.py took 0.065 seconds
[2020-07-18 22:38:17,224] {scheduler_job.py:154} INFO - Started process (PID=97543) to work on /Users/AmandaTran/airflow/dags/hello_world.py
[2020-07-18 22:38:17,236] {scheduler_job.py:1562} INFO - Processing file /Users/AmandaTran/airflow/dags/hello_world.py for tasks to queue
[2020-07-18 22:38:17,237] {logging_mixin.py:112} INFO - [2020-07-18 22:38:17,237] {dagbag.py:396} INFO - Filling up the DagBag from /Users/AmandaTran/airflow/dags/hello_world.py
[2020-07-18 22:38:17,244] {logging_mixin.py:112} WARNING - /Library/Frameworks/Python.framework/Versions/3.6/lib/python3.6/site-packages/airflow/utils/helpers.py:442: DeprecationWarning: Importing 'BashOperator' directly from 'airflow.operators' has been deprecated. Please import from 'airflow.operators.[operator_module]' instead. Support for direct imports will be dropped entirely in Airflow 2.0.
  DeprecationWarning)
[2020-07-18 22:38:17,248] {scheduler_job.py:1574} INFO - DAG(s) dict_keys(['HelloWorld']) retrieved from /Users/AmandaTran/airflow/dags/hello_world.py
[2020-07-18 22:38:17,274] {scheduler_job.py:162} INFO - Processing /Users/AmandaTran/airflow/dags/hello_world.py took 0.050 seconds
[2020-07-18 22:39:15,464] {scheduler_job.py:154} INFO - Started process (PID=97578) to work on /Users/AmandaTran/airflow/dags/hello_world.py
[2020-07-18 22:39:15,485] {scheduler_job.py:1562} INFO - Processing file /Users/AmandaTran/airflow/dags/hello_world.py for tasks to queue
[2020-07-18 22:39:15,487] {logging_mixin.py:112} INFO - [2020-07-18 22:39:15,486] {dagbag.py:396} INFO - Filling up the DagBag from /Users/AmandaTran/airflow/dags/hello_world.py
[2020-07-18 22:39:15,495] {logging_mixin.py:112} WARNING - /Library/Frameworks/Python.framework/Versions/3.6/lib/python3.6/site-packages/airflow/utils/helpers.py:442: DeprecationWarning: Importing 'BashOperator' directly from 'airflow.operators' has been deprecated. Please import from 'airflow.operators.[operator_module]' instead. Support for direct imports will be dropped entirely in Airflow 2.0.
  DeprecationWarning)
[2020-07-18 22:39:15,498] {scheduler_job.py:1574} INFO - DAG(s) dict_keys(['HelloWorld']) retrieved from /Users/AmandaTran/airflow/dags/hello_world.py
[2020-07-18 22:39:15,525] {scheduler_job.py:162} INFO - Processing /Users/AmandaTran/airflow/dags/hello_world.py took 0.062 seconds
[2020-07-18 22:40:13,674] {scheduler_job.py:154} INFO - Started process (PID=97624) to work on /Users/AmandaTran/airflow/dags/hello_world.py
[2020-07-18 22:40:13,688] {scheduler_job.py:1562} INFO - Processing file /Users/AmandaTran/airflow/dags/hello_world.py for tasks to queue
[2020-07-18 22:40:13,689] {logging_mixin.py:112} INFO - [2020-07-18 22:40:13,688] {dagbag.py:396} INFO - Filling up the DagBag from /Users/AmandaTran/airflow/dags/hello_world.py
[2020-07-18 22:40:13,709] {logging_mixin.py:112} WARNING - /Library/Frameworks/Python.framework/Versions/3.6/lib/python3.6/site-packages/airflow/utils/helpers.py:442: DeprecationWarning: Importing 'BashOperator' directly from 'airflow.operators' has been deprecated. Please import from 'airflow.operators.[operator_module]' instead. Support for direct imports will be dropped entirely in Airflow 2.0.
  DeprecationWarning)
[2020-07-18 22:40:13,714] {scheduler_job.py:1574} INFO - DAG(s) dict_keys(['HelloWorld']) retrieved from /Users/AmandaTran/airflow/dags/hello_world.py
[2020-07-18 22:40:13,739] {scheduler_job.py:162} INFO - Processing /Users/AmandaTran/airflow/dags/hello_world.py took 0.065 seconds
[2020-07-18 22:41:11,998] {scheduler_job.py:154} INFO - Started process (PID=97664) to work on /Users/AmandaTran/airflow/dags/hello_world.py
[2020-07-18 22:41:12,019] {scheduler_job.py:1562} INFO - Processing file /Users/AmandaTran/airflow/dags/hello_world.py for tasks to queue
[2020-07-18 22:41:12,020] {logging_mixin.py:112} INFO - [2020-07-18 22:41:12,020] {dagbag.py:396} INFO - Filling up the DagBag from /Users/AmandaTran/airflow/dags/hello_world.py
[2020-07-18 22:41:12,042] {logging_mixin.py:112} WARNING - /Library/Frameworks/Python.framework/Versions/3.6/lib/python3.6/site-packages/airflow/utils/helpers.py:442: DeprecationWarning: Importing 'BashOperator' directly from 'airflow.operators' has been deprecated. Please import from 'airflow.operators.[operator_module]' instead. Support for direct imports will be dropped entirely in Airflow 2.0.
  DeprecationWarning)
[2020-07-18 22:41:12,048] {scheduler_job.py:1574} INFO - DAG(s) dict_keys(['HelloWorld']) retrieved from /Users/AmandaTran/airflow/dags/hello_world.py
[2020-07-18 22:41:12,075] {scheduler_job.py:162} INFO - Processing /Users/AmandaTran/airflow/dags/hello_world.py took 0.077 seconds
[2020-07-18 22:42:10,433] {scheduler_job.py:154} INFO - Started process (PID=97699) to work on /Users/AmandaTran/airflow/dags/hello_world.py
[2020-07-18 22:42:10,453] {scheduler_job.py:1562} INFO - Processing file /Users/AmandaTran/airflow/dags/hello_world.py for tasks to queue
[2020-07-18 22:42:10,456] {logging_mixin.py:112} INFO - [2020-07-18 22:42:10,455] {dagbag.py:396} INFO - Filling up the DagBag from /Users/AmandaTran/airflow/dags/hello_world.py
[2020-07-18 22:42:10,475] {logging_mixin.py:112} WARNING - /Library/Frameworks/Python.framework/Versions/3.6/lib/python3.6/site-packages/airflow/utils/helpers.py:442: DeprecationWarning: Importing 'BashOperator' directly from 'airflow.operators' has been deprecated. Please import from 'airflow.operators.[operator_module]' instead. Support for direct imports will be dropped entirely in Airflow 2.0.
  DeprecationWarning)
[2020-07-18 22:42:10,480] {scheduler_job.py:1574} INFO - DAG(s) dict_keys(['HelloWorld']) retrieved from /Users/AmandaTran/airflow/dags/hello_world.py
[2020-07-18 22:42:10,506] {scheduler_job.py:162} INFO - Processing /Users/AmandaTran/airflow/dags/hello_world.py took 0.072 seconds
[2020-07-18 22:43:08,854] {scheduler_job.py:154} INFO - Started process (PID=97736) to work on /Users/AmandaTran/airflow/dags/hello_world.py
[2020-07-18 22:43:08,867] {scheduler_job.py:1562} INFO - Processing file /Users/AmandaTran/airflow/dags/hello_world.py for tasks to queue
[2020-07-18 22:43:08,869] {logging_mixin.py:112} INFO - [2020-07-18 22:43:08,868] {dagbag.py:396} INFO - Filling up the DagBag from /Users/AmandaTran/airflow/dags/hello_world.py
[2020-07-18 22:43:08,893] {logging_mixin.py:112} WARNING - /Library/Frameworks/Python.framework/Versions/3.6/lib/python3.6/site-packages/airflow/utils/helpers.py:442: DeprecationWarning: Importing 'BashOperator' directly from 'airflow.operators' has been deprecated. Please import from 'airflow.operators.[operator_module]' instead. Support for direct imports will be dropped entirely in Airflow 2.0.
  DeprecationWarning)
[2020-07-18 22:43:08,899] {scheduler_job.py:1574} INFO - DAG(s) dict_keys(['HelloWorld']) retrieved from /Users/AmandaTran/airflow/dags/hello_world.py
[2020-07-18 22:43:08,928] {scheduler_job.py:162} INFO - Processing /Users/AmandaTran/airflow/dags/hello_world.py took 0.074 seconds
[2020-07-18 22:44:07,245] {scheduler_job.py:154} INFO - Started process (PID=97770) to work on /Users/AmandaTran/airflow/dags/hello_world.py
[2020-07-18 22:44:07,286] {scheduler_job.py:1562} INFO - Processing file /Users/AmandaTran/airflow/dags/hello_world.py for tasks to queue
[2020-07-18 22:44:07,289] {logging_mixin.py:112} INFO - [2020-07-18 22:44:07,288] {dagbag.py:396} INFO - Filling up the DagBag from /Users/AmandaTran/airflow/dags/hello_world.py
[2020-07-18 22:44:07,314] {logging_mixin.py:112} WARNING - /Library/Frameworks/Python.framework/Versions/3.6/lib/python3.6/site-packages/airflow/utils/helpers.py:442: DeprecationWarning: Importing 'BashOperator' directly from 'airflow.operators' has been deprecated. Please import from 'airflow.operators.[operator_module]' instead. Support for direct imports will be dropped entirely in Airflow 2.0.
  DeprecationWarning)
[2020-07-18 22:44:07,320] {scheduler_job.py:1574} INFO - DAG(s) dict_keys(['HelloWorld']) retrieved from /Users/AmandaTran/airflow/dags/hello_world.py
[2020-07-18 22:44:07,347] {scheduler_job.py:162} INFO - Processing /Users/AmandaTran/airflow/dags/hello_world.py took 0.102 seconds
[2020-07-18 22:45:05,687] {scheduler_job.py:154} INFO - Started process (PID=97812) to work on /Users/AmandaTran/airflow/dags/hello_world.py
[2020-07-18 22:45:05,708] {scheduler_job.py:1562} INFO - Processing file /Users/AmandaTran/airflow/dags/hello_world.py for tasks to queue
[2020-07-18 22:45:05,710] {logging_mixin.py:112} INFO - [2020-07-18 22:45:05,709] {dagbag.py:396} INFO - Filling up the DagBag from /Users/AmandaTran/airflow/dags/hello_world.py
[2020-07-18 22:45:05,734] {logging_mixin.py:112} WARNING - /Library/Frameworks/Python.framework/Versions/3.6/lib/python3.6/site-packages/airflow/utils/helpers.py:442: DeprecationWarning: Importing 'BashOperator' directly from 'airflow.operators' has been deprecated. Please import from 'airflow.operators.[operator_module]' instead. Support for direct imports will be dropped entirely in Airflow 2.0.
  DeprecationWarning)
[2020-07-18 22:45:05,739] {scheduler_job.py:1574} INFO - DAG(s) dict_keys(['HelloWorld']) retrieved from /Users/AmandaTran/airflow/dags/hello_world.py
[2020-07-18 22:45:05,768] {scheduler_job.py:162} INFO - Processing /Users/AmandaTran/airflow/dags/hello_world.py took 0.081 seconds
[2020-07-18 22:46:04,066] {scheduler_job.py:154} INFO - Started process (PID=97857) to work on /Users/AmandaTran/airflow/dags/hello_world.py
[2020-07-18 22:46:04,080] {scheduler_job.py:1562} INFO - Processing file /Users/AmandaTran/airflow/dags/hello_world.py for tasks to queue
[2020-07-18 22:46:04,081] {logging_mixin.py:112} INFO - [2020-07-18 22:46:04,081] {dagbag.py:396} INFO - Filling up the DagBag from /Users/AmandaTran/airflow/dags/hello_world.py
[2020-07-18 22:46:04,105] {logging_mixin.py:112} WARNING - /Library/Frameworks/Python.framework/Versions/3.6/lib/python3.6/site-packages/airflow/utils/helpers.py:442: DeprecationWarning: Importing 'BashOperator' directly from 'airflow.operators' has been deprecated. Please import from 'airflow.operators.[operator_module]' instead. Support for direct imports will be dropped entirely in Airflow 2.0.
  DeprecationWarning)
[2020-07-18 22:46:04,112] {scheduler_job.py:1574} INFO - DAG(s) dict_keys(['HelloWorld']) retrieved from /Users/AmandaTran/airflow/dags/hello_world.py
[2020-07-18 22:46:04,143] {scheduler_job.py:162} INFO - Processing /Users/AmandaTran/airflow/dags/hello_world.py took 0.076 seconds
[2020-07-18 22:47:21,437] {scheduler_job.py:154} INFO - Started process (PID=97909) to work on /Users/AmandaTran/airflow/dags/hello_world.py
[2020-07-18 22:47:26,450] {scheduler_job.py:1562} INFO - Processing file /Users/AmandaTran/airflow/dags/hello_world.py for tasks to queue
[2020-07-18 22:47:26,451] {logging_mixin.py:112} INFO - [2020-07-18 22:47:26,450] {dagbag.py:396} INFO - Filling up the DagBag from /Users/AmandaTran/airflow/dags/hello_world.py
[2020-07-18 22:47:26,465] {logging_mixin.py:112} WARNING - /Library/Frameworks/Python.framework/Versions/3.6/lib/python3.6/site-packages/airflow/utils/helpers.py:442: DeprecationWarning: Importing 'BashOperator' directly from 'airflow.operators' has been deprecated. Please import from 'airflow.operators.[operator_module]' instead. Support for direct imports will be dropped entirely in Airflow 2.0.
  DeprecationWarning)
[2020-07-18 22:47:26,469] {scheduler_job.py:1574} INFO - DAG(s) dict_keys(['HelloWorld']) retrieved from /Users/AmandaTran/airflow/dags/hello_world.py
[2020-07-18 22:47:26,498] {scheduler_job.py:162} INFO - Processing /Users/AmandaTran/airflow/dags/hello_world.py took 5.061 seconds
[2020-07-18 22:49:50,313] {scheduler_job.py:154} INFO - Started process (PID=97968) to work on /Users/AmandaTran/airflow/dags/hello_world.py
[2020-07-18 22:49:55,334] {scheduler_job.py:1562} INFO - Processing file /Users/AmandaTran/airflow/dags/hello_world.py for tasks to queue
[2020-07-18 22:49:55,336] {logging_mixin.py:112} INFO - [2020-07-18 22:49:55,335] {dagbag.py:396} INFO - Filling up the DagBag from /Users/AmandaTran/airflow/dags/hello_world.py
[2020-07-18 22:49:55,362] {logging_mixin.py:112} WARNING - /Library/Frameworks/Python.framework/Versions/3.6/lib/python3.6/site-packages/airflow/utils/helpers.py:442: DeprecationWarning: Importing 'BashOperator' directly from 'airflow.operators' has been deprecated. Please import from 'airflow.operators.[operator_module]' instead. Support for direct imports will be dropped entirely in Airflow 2.0.
  DeprecationWarning)
[2020-07-18 22:49:55,369] {scheduler_job.py:1574} INFO - DAG(s) dict_keys(['HelloWorld']) retrieved from /Users/AmandaTran/airflow/dags/hello_world.py
[2020-07-18 22:49:55,397] {scheduler_job.py:162} INFO - Processing /Users/AmandaTran/airflow/dags/hello_world.py took 5.084 seconds
[2020-07-18 22:51:30,109] {scheduler_job.py:154} INFO - Started process (PID=98025) to work on /Users/AmandaTran/airflow/dags/hello_world.py
[2020-07-18 22:51:30,130] {scheduler_job.py:1562} INFO - Processing file /Users/AmandaTran/airflow/dags/hello_world.py for tasks to queue
[2020-07-18 22:51:30,132] {logging_mixin.py:112} INFO - [2020-07-18 22:51:30,131] {dagbag.py:396} INFO - Filling up the DagBag from /Users/AmandaTran/airflow/dags/hello_world.py
[2020-07-18 22:51:30,154] {logging_mixin.py:112} WARNING - /Library/Frameworks/Python.framework/Versions/3.6/lib/python3.6/site-packages/airflow/utils/helpers.py:442: DeprecationWarning: Importing 'BashOperator' directly from 'airflow.operators' has been deprecated. Please import from 'airflow.operators.[operator_module]' instead. Support for direct imports will be dropped entirely in Airflow 2.0.
  DeprecationWarning)
[2020-07-18 22:51:30,158] {scheduler_job.py:1574} INFO - DAG(s) dict_keys(['HelloWorld']) retrieved from /Users/AmandaTran/airflow/dags/hello_world.py
[2020-07-18 22:51:30,188] {scheduler_job.py:162} INFO - Processing /Users/AmandaTran/airflow/dags/hello_world.py took 0.079 seconds
[2020-07-18 22:51:48,464] {scheduler_job.py:154} INFO - Started process (PID=98057) to work on /Users/AmandaTran/airflow/dags/hello_world.py
[2020-07-18 22:51:48,474] {scheduler_job.py:1562} INFO - Processing file /Users/AmandaTran/airflow/dags/hello_world.py for tasks to queue
[2020-07-18 22:51:48,475] {logging_mixin.py:112} INFO - [2020-07-18 22:51:48,475] {dagbag.py:396} INFO - Filling up the DagBag from /Users/AmandaTran/airflow/dags/hello_world.py
[2020-07-18 22:51:48,483] {logging_mixin.py:112} WARNING - /Library/Frameworks/Python.framework/Versions/3.6/lib/python3.6/site-packages/airflow/utils/helpers.py:442: DeprecationWarning: Importing 'BashOperator' directly from 'airflow.operators' has been deprecated. Please import from 'airflow.operators.[operator_module]' instead. Support for direct imports will be dropped entirely in Airflow 2.0.
  DeprecationWarning)
[2020-07-18 22:51:48,486] {scheduler_job.py:1574} INFO - DAG(s) dict_keys(['HelloWorld']) retrieved from /Users/AmandaTran/airflow/dags/hello_world.py
[2020-07-18 22:51:48,513] {scheduler_job.py:162} INFO - Processing /Users/AmandaTran/airflow/dags/hello_world.py took 0.049 seconds
[2020-07-18 22:52:08,452] {scheduler_job.py:154} INFO - Started process (PID=98113) to work on /Users/AmandaTran/airflow/dags/hello_world.py
[2020-07-18 22:52:08,468] {scheduler_job.py:1562} INFO - Processing file /Users/AmandaTran/airflow/dags/hello_world.py for tasks to queue
[2020-07-18 22:52:08,469] {logging_mixin.py:112} INFO - [2020-07-18 22:52:08,469] {dagbag.py:396} INFO - Filling up the DagBag from /Users/AmandaTran/airflow/dags/hello_world.py
[2020-07-18 22:52:08,479] {logging_mixin.py:112} WARNING - /Library/Frameworks/Python.framework/Versions/3.6/lib/python3.6/site-packages/airflow/utils/helpers.py:442: DeprecationWarning: Importing 'BashOperator' directly from 'airflow.operators' has been deprecated. Please import from 'airflow.operators.[operator_module]' instead. Support for direct imports will be dropped entirely in Airflow 2.0.
  DeprecationWarning)
[2020-07-18 22:52:08,483] {scheduler_job.py:1574} INFO - DAG(s) dict_keys(['HelloWorld']) retrieved from /Users/AmandaTran/airflow/dags/hello_world.py
[2020-07-18 22:52:08,512] {scheduler_job.py:162} INFO - Processing /Users/AmandaTran/airflow/dags/hello_world.py took 0.060 seconds
[2020-07-18 22:52:28,431] {scheduler_job.py:154} INFO - Started process (PID=98154) to work on /Users/AmandaTran/airflow/dags/hello_world.py
[2020-07-18 22:52:28,442] {scheduler_job.py:1562} INFO - Processing file /Users/AmandaTran/airflow/dags/hello_world.py for tasks to queue
[2020-07-18 22:52:28,443] {logging_mixin.py:112} INFO - [2020-07-18 22:52:28,443] {dagbag.py:396} INFO - Filling up the DagBag from /Users/AmandaTran/airflow/dags/hello_world.py
[2020-07-18 22:52:28,450] {logging_mixin.py:112} WARNING - /Library/Frameworks/Python.framework/Versions/3.6/lib/python3.6/site-packages/airflow/utils/helpers.py:442: DeprecationWarning: Importing 'BashOperator' directly from 'airflow.operators' has been deprecated. Please import from 'airflow.operators.[operator_module]' instead. Support for direct imports will be dropped entirely in Airflow 2.0.
  DeprecationWarning)
[2020-07-18 22:52:28,453] {scheduler_job.py:1574} INFO - DAG(s) dict_keys(['HelloWorld']) retrieved from /Users/AmandaTran/airflow/dags/hello_world.py
[2020-07-18 22:52:28,487] {scheduler_job.py:162} INFO - Processing /Users/AmandaTran/airflow/dags/hello_world.py took 0.056 seconds
[2020-07-18 22:52:52,571] {scheduler_job.py:154} INFO - Started process (PID=98225) to work on /Users/AmandaTran/airflow/dags/hello_world.py
[2020-07-18 22:52:52,597] {scheduler_job.py:1562} INFO - Processing file /Users/AmandaTran/airflow/dags/hello_world.py for tasks to queue
[2020-07-18 22:52:52,598] {logging_mixin.py:112} INFO - [2020-07-18 22:52:52,598] {dagbag.py:396} INFO - Filling up the DagBag from /Users/AmandaTran/airflow/dags/hello_world.py
[2020-07-18 22:52:52,622] {logging_mixin.py:112} WARNING - /Library/Frameworks/Python.framework/Versions/3.6/lib/python3.6/site-packages/airflow/utils/helpers.py:442: DeprecationWarning: Importing 'BashOperator' directly from 'airflow.operators' has been deprecated. Please import from 'airflow.operators.[operator_module]' instead. Support for direct imports will be dropped entirely in Airflow 2.0.
  DeprecationWarning)
[2020-07-18 22:52:52,626] {scheduler_job.py:1574} INFO - DAG(s) dict_keys(['HelloWorld']) retrieved from /Users/AmandaTran/airflow/dags/hello_world.py
[2020-07-18 22:52:52,664] {scheduler_job.py:162} INFO - Processing /Users/AmandaTran/airflow/dags/hello_world.py took 0.093 seconds
[2020-07-18 22:53:50,947] {scheduler_job.py:154} INFO - Started process (PID=98264) to work on /Users/AmandaTran/airflow/dags/hello_world.py
[2020-07-18 22:53:50,958] {scheduler_job.py:1562} INFO - Processing file /Users/AmandaTran/airflow/dags/hello_world.py for tasks to queue
[2020-07-18 22:53:50,959] {logging_mixin.py:112} INFO - [2020-07-18 22:53:50,959] {dagbag.py:396} INFO - Filling up the DagBag from /Users/AmandaTran/airflow/dags/hello_world.py
[2020-07-18 22:53:50,978] {logging_mixin.py:112} WARNING - /Library/Frameworks/Python.framework/Versions/3.6/lib/python3.6/site-packages/airflow/utils/helpers.py:442: DeprecationWarning: Importing 'BashOperator' directly from 'airflow.operators' has been deprecated. Please import from 'airflow.operators.[operator_module]' instead. Support for direct imports will be dropped entirely in Airflow 2.0.
  DeprecationWarning)
[2020-07-18 22:53:50,984] {scheduler_job.py:1574} INFO - DAG(s) dict_keys(['HelloWorld']) retrieved from /Users/AmandaTran/airflow/dags/hello_world.py
[2020-07-18 22:53:51,013] {scheduler_job.py:162} INFO - Processing /Users/AmandaTran/airflow/dags/hello_world.py took 0.067 seconds
[2020-07-18 22:54:49,380] {scheduler_job.py:154} INFO - Started process (PID=98300) to work on /Users/AmandaTran/airflow/dags/hello_world.py
[2020-07-18 22:54:49,393] {scheduler_job.py:1562} INFO - Processing file /Users/AmandaTran/airflow/dags/hello_world.py for tasks to queue
[2020-07-18 22:54:49,394] {logging_mixin.py:112} INFO - [2020-07-18 22:54:49,394] {dagbag.py:396} INFO - Filling up the DagBag from /Users/AmandaTran/airflow/dags/hello_world.py
[2020-07-18 22:54:49,417] {logging_mixin.py:112} WARNING - /Library/Frameworks/Python.framework/Versions/3.6/lib/python3.6/site-packages/airflow/utils/helpers.py:442: DeprecationWarning: Importing 'BashOperator' directly from 'airflow.operators' has been deprecated. Please import from 'airflow.operators.[operator_module]' instead. Support for direct imports will be dropped entirely in Airflow 2.0.
  DeprecationWarning)
[2020-07-18 22:54:49,424] {scheduler_job.py:1574} INFO - DAG(s) dict_keys(['HelloWorld']) retrieved from /Users/AmandaTran/airflow/dags/hello_world.py
[2020-07-18 22:54:49,451] {scheduler_job.py:162} INFO - Processing /Users/AmandaTran/airflow/dags/hello_world.py took 0.071 seconds
[2020-07-18 22:55:47,778] {scheduler_job.py:154} INFO - Started process (PID=98335) to work on /Users/AmandaTran/airflow/dags/hello_world.py
[2020-07-18 22:55:47,800] {scheduler_job.py:1562} INFO - Processing file /Users/AmandaTran/airflow/dags/hello_world.py for tasks to queue
[2020-07-18 22:55:47,802] {logging_mixin.py:112} INFO - [2020-07-18 22:55:47,801] {dagbag.py:396} INFO - Filling up the DagBag from /Users/AmandaTran/airflow/dags/hello_world.py
[2020-07-18 22:55:47,826] {logging_mixin.py:112} WARNING - /Library/Frameworks/Python.framework/Versions/3.6/lib/python3.6/site-packages/airflow/utils/helpers.py:442: DeprecationWarning: Importing 'BashOperator' directly from 'airflow.operators' has been deprecated. Please import from 'airflow.operators.[operator_module]' instead. Support for direct imports will be dropped entirely in Airflow 2.0.
  DeprecationWarning)
[2020-07-18 22:55:47,832] {scheduler_job.py:1574} INFO - DAG(s) dict_keys(['HelloWorld']) retrieved from /Users/AmandaTran/airflow/dags/hello_world.py
[2020-07-18 22:55:47,867] {scheduler_job.py:162} INFO - Processing /Users/AmandaTran/airflow/dags/hello_world.py took 0.089 seconds
[2020-07-19 07:23:41,911] {scheduler_job.py:154} INFO - Started process (PID=98425) to work on /Users/AmandaTran/airflow/dags/hello_world.py
[2020-07-19 07:23:41,919] {scheduler_job.py:1562} INFO - Processing file /Users/AmandaTran/airflow/dags/hello_world.py for tasks to queue
[2020-07-19 07:23:41,920] {logging_mixin.py:112} INFO - [2020-07-19 07:23:41,920] {dagbag.py:396} INFO - Filling up the DagBag from /Users/AmandaTran/airflow/dags/hello_world.py
[2020-07-19 07:23:41,933] {logging_mixin.py:112} WARNING - /Library/Frameworks/Python.framework/Versions/3.6/lib/python3.6/site-packages/airflow/utils/helpers.py:442: DeprecationWarning: Importing 'BashOperator' directly from 'airflow.operators' has been deprecated. Please import from 'airflow.operators.[operator_module]' instead. Support for direct imports will be dropped entirely in Airflow 2.0.
  DeprecationWarning)
[2020-07-19 07:23:41,939] {scheduler_job.py:1574} INFO - DAG(s) dict_keys(['HelloWorld']) retrieved from /Users/AmandaTran/airflow/dags/hello_world.py
[2020-07-19 07:23:41,978] {scheduler_job.py:162} INFO - Processing /Users/AmandaTran/airflow/dags/hello_world.py took 0.067 seconds
[2020-07-19 08:47:10,314] {scheduler_job.py:154} INFO - Started process (PID=98577) to work on /Users/AmandaTran/airflow/dags/hello_world.py
[2020-07-19 08:47:10,335] {scheduler_job.py:1562} INFO - Processing file /Users/AmandaTran/airflow/dags/hello_world.py for tasks to queue
[2020-07-19 08:47:10,337] {logging_mixin.py:112} INFO - [2020-07-19 08:47:10,336] {dagbag.py:396} INFO - Filling up the DagBag from /Users/AmandaTran/airflow/dags/hello_world.py
[2020-07-19 08:47:10,358] {logging_mixin.py:112} WARNING - /Library/Frameworks/Python.framework/Versions/3.6/lib/python3.6/site-packages/airflow/utils/helpers.py:442: DeprecationWarning: Importing 'BashOperator' directly from 'airflow.operators' has been deprecated. Please import from 'airflow.operators.[operator_module]' instead. Support for direct imports will be dropped entirely in Airflow 2.0.
  DeprecationWarning)
[2020-07-19 08:47:10,365] {scheduler_job.py:1574} INFO - DAG(s) dict_keys(['HelloWorld']) retrieved from /Users/AmandaTran/airflow/dags/hello_world.py
[2020-07-19 08:47:10,408] {scheduler_job.py:162} INFO - Processing /Users/AmandaTran/airflow/dags/hello_world.py took 0.094 seconds
